\BOOKMARK [1][-]{section.1}{Introduction}{}% 1
\BOOKMARK [2][-]{subsection.1.1}{Purpose}{section.1}% 2
\BOOKMARK [1][-]{section.2}{Conceptual Design}{}% 3
\BOOKMARK [2][-]{subsection.2.1}{Scope}{section.2}% 4
\BOOKMARK [2][-]{subsection.2.2}{User Interface Design}{section.2}% 5
\BOOKMARK [2][-]{subsection.2.3}{Use Case Relations}{section.2}% 6
\BOOKMARK [1][-]{section.3}{Technical Design}{}% 7
\BOOKMARK [2][-]{subsection.3.1}{Unit Design: Web Application}{section.3}% 8
\BOOKMARK [3][-]{subsubsection.3.1.1}{windowHandler}{subsection.3.1}% 9
\BOOKMARK [3][-]{subsubsection.3.1.2}{Graphics}{subsection.3.1}% 10
\BOOKMARK [3][-]{subsubsection.3.1.3}{Forms}{subsection.3.1}% 11
\BOOKMARK [3][-]{subsubsection.3.1.4}{WebClient}{subsection.3.1}% 12
\BOOKMARK [3][-]{subsubsection.3.1.5}{Graph}{subsection.3.1}% 13
\BOOKMARK [2][-]{subsection.3.2}{Unit Design: URLs}{section.3}% 14
\BOOKMARK [3][-]{subsubsection.3.2.1}{urls}{subsection.3.2}% 15
\BOOKMARK [2][-]{subsection.3.3}{Unit Design: Back-End}{section.3}% 16
\BOOKMARK [3][-]{subsubsection.3.3.1}{Class Structure}{subsection.3.3}% 17
\BOOKMARK [2][-]{subsection.3.4}{Class specification}{section.3}% 18
\BOOKMARK [3][-]{subsubsection.3.4.1}{Interface: Processor}{subsection.3.4}% 19
\BOOKMARK [3][-]{subsubsection.3.4.2}{MainProcessor}{subsection.3.4}% 20
\BOOKMARK [3][-]{subsubsection.3.4.3}{PreProcessor}{subsection.3.4}% 21
\BOOKMARK [3][-]{subsubsection.3.4.4}{ViewFactory}{subsection.3.4}% 22
\BOOKMARK [3][-]{subsubsection.3.4.5}{View}{subsection.3.4}% 23
\BOOKMARK [3][-]{subsubsection.3.4.6}{ViewSet}{subsection.3.4}% 24
\BOOKMARK [3][-]{subsubsection.3.4.7}{Interface: Dictable}{subsection.3.4}% 25
\BOOKMARK [3][-]{subsubsection.3.4.8}{JSONObj}{subsection.3.4}% 26
\BOOKMARK [3][-]{subsubsection.3.4.9}{ViewParser}{subsection.3.4}% 27
\BOOKMARK [2][-]{subsection.3.5}{Use Case realizations}{section.3}% 28
